  Grid.cpp
  Piece.cpp
C:\Users\gameuser\Desktop\Foldera\College\Ai Games\Ai_Games\CathedralGame\CathedralGame\Piece.cpp(116,92): warning C4244: 'argument': conversion from 'int' to 'T', possible loss of data
C:\Users\gameuser\Desktop\Foldera\College\Ai Games\Ai_Games\CathedralGame\CathedralGame\Piece.cpp(116,92): warning C4244:         with
C:\Users\gameuser\Desktop\Foldera\College\Ai Games\Ai_Games\CathedralGame\CathedralGame\Piece.cpp(116,92): warning C4244:         [
C:\Users\gameuser\Desktop\Foldera\College\Ai Games\Ai_Games\CathedralGame\CathedralGame\Piece.cpp(116,92): warning C4244:             T=float
C:\Users\gameuser\Desktop\Foldera\College\Ai Games\Ai_Games\CathedralGame\CathedralGame\Piece.cpp(116,92): warning C4244:         ]
C:\Users\gameuser\Desktop\Foldera\College\Ai Games\Ai_Games\CathedralGame\CathedralGame\Piece.cpp(116,75): warning C4244: 'argument': conversion from 'int' to 'T', possible loss of data
C:\Users\gameuser\Desktop\Foldera\College\Ai Games\Ai_Games\CathedralGame\CathedralGame\Piece.cpp(116,75): warning C4244:         with
C:\Users\gameuser\Desktop\Foldera\College\Ai Games\Ai_Games\CathedralGame\CathedralGame\Piece.cpp(116,75): warning C4244:         [
C:\Users\gameuser\Desktop\Foldera\College\Ai Games\Ai_Games\CathedralGame\CathedralGame\Piece.cpp(116,75): warning C4244:             T=float
C:\Users\gameuser\Desktop\Foldera\College\Ai Games\Ai_Games\CathedralGame\CathedralGame\Piece.cpp(116,75): warning C4244:         ]
C:\Users\gameuser\Desktop\Foldera\College\Ai Games\Ai_Games\CathedralGame\CathedralGame\Piece.cpp(130,80): warning C4244: 'argument': conversion from 'int' to 'T', possible loss of data
C:\Users\gameuser\Desktop\Foldera\College\Ai Games\Ai_Games\CathedralGame\CathedralGame\Piece.cpp(130,80): warning C4244:         with
C:\Users\gameuser\Desktop\Foldera\College\Ai Games\Ai_Games\CathedralGame\CathedralGame\Piece.cpp(130,80): warning C4244:         [
C:\Users\gameuser\Desktop\Foldera\College\Ai Games\Ai_Games\CathedralGame\CathedralGame\Piece.cpp(130,80): warning C4244:             T=float
C:\Users\gameuser\Desktop\Foldera\College\Ai Games\Ai_Games\CathedralGame\CathedralGame\Piece.cpp(130,80): warning C4244:         ]
C:\Users\gameuser\Desktop\Foldera\College\Ai Games\Ai_Games\CathedralGame\CathedralGame\Piece.cpp(130,63): warning C4244: 'argument': conversion from 'int' to 'T', possible loss of data
C:\Users\gameuser\Desktop\Foldera\College\Ai Games\Ai_Games\CathedralGame\CathedralGame\Piece.cpp(130,63): warning C4244:         with
C:\Users\gameuser\Desktop\Foldera\College\Ai Games\Ai_Games\CathedralGame\CathedralGame\Piece.cpp(130,63): warning C4244:         [
C:\Users\gameuser\Desktop\Foldera\College\Ai Games\Ai_Games\CathedralGame\CathedralGame\Piece.cpp(130,63): warning C4244:             T=float
C:\Users\gameuser\Desktop\Foldera\College\Ai Games\Ai_Games\CathedralGame\CathedralGame\Piece.cpp(130,63): warning C4244:         ]
  PieceManager.cpp
  Source.cpp
C:\Users\gameuser\Desktop\Foldera\College\Ai Games\Ai_Games\CathedralGame\CathedralGame\Source.cpp(21,6): warning C4326: return type of 'main' should be 'int' instead of 'void'
  Tile.cpp
C:\Users\gameuser\Desktop\Foldera\College\Ai Games\Ai_Games\CathedralGame\CathedralGame\Tile.cpp(15,92): warning C4244: 'argument': conversion from 'int' to 'T', possible loss of data
C:\Users\gameuser\Desktop\Foldera\College\Ai Games\Ai_Games\CathedralGame\CathedralGame\Tile.cpp(15,92): warning C4244:         with
C:\Users\gameuser\Desktop\Foldera\College\Ai Games\Ai_Games\CathedralGame\CathedralGame\Tile.cpp(15,92): warning C4244:         [
C:\Users\gameuser\Desktop\Foldera\College\Ai Games\Ai_Games\CathedralGame\CathedralGame\Tile.cpp(15,92): warning C4244:             T=float
C:\Users\gameuser\Desktop\Foldera\College\Ai Games\Ai_Games\CathedralGame\CathedralGame\Tile.cpp(15,92): warning C4244:         ]
C:\Users\gameuser\Desktop\Foldera\College\Ai Games\Ai_Games\CathedralGame\CathedralGame\Tile.cpp(15,82): warning C4244: 'argument': conversion from 'int' to 'T', possible loss of data
C:\Users\gameuser\Desktop\Foldera\College\Ai Games\Ai_Games\CathedralGame\CathedralGame\Tile.cpp(15,82): warning C4244:         with
C:\Users\gameuser\Desktop\Foldera\College\Ai Games\Ai_Games\CathedralGame\CathedralGame\Tile.cpp(15,82): warning C4244:         [
C:\Users\gameuser\Desktop\Foldera\College\Ai Games\Ai_Games\CathedralGame\CathedralGame\Tile.cpp(15,82): warning C4244:             T=float
C:\Users\gameuser\Desktop\Foldera\College\Ai Games\Ai_Games\CathedralGame\CathedralGame\Tile.cpp(15,82): warning C4244:         ]
C:\Users\gameuser\Desktop\Foldera\College\Ai Games\Ai_Games\CathedralGame\CathedralGame\Tile.cpp(17,16): warning C4244: 'initializing': conversion from 'int' to 'float', possible loss of data
C:\Users\gameuser\Desktop\Foldera\College\Ai Games\Ai_Games\CathedralGame\CathedralGame\Tile.cpp(18,16): warning C4244: 'initializing': conversion from 'int' to 'float', possible loss of data
  Generating Code...
  LINK : C:\Users\gameuser\Desktop\Foldera\College\Ai Games\Ai_Games\CathedralGame\x64\Debug\CathedralGame.exe not found or not built by the last incremental link; performing full link
  CathedralGame.vcxproj -> C:\Users\gameuser\Desktop\Foldera\College\Ai Games\Ai_Games\CathedralGame\x64\Debug\CathedralGame.exe
